<?xml version="1.0" encoding="UTF-8"?>
<coverage generated="1714068350511" clover="3.2.0">
  <project timestamp="1714068350511" name="All files">
    <metrics statements="143" coveredstatements="139" conditionals="65" coveredconditionals="55" methods="31" coveredmethods="28" elements="239" coveredelements="222" complexity="0" loc="143" ncloc="143" packages="11" files="12" classes="12"/>
    <package name="src">
      <metrics statements="5" coveredstatements="5" conditionals="0" coveredconditionals="0" methods="1" coveredmethods="1"/>
      <file name="App.tsx" path="/home/acmarchiori/Desafios-Tecnicos/desafio-tecnico-uol/test-fullstack/frontend/src/App.tsx">
        <metrics statements="5" coveredstatements="5" conditionals="0" coveredconditionals="0" methods="1" coveredmethods="1"/>
        <line num="2" count="2" type="stmt"/>
        <line num="3" count="2" type="stmt"/>
        <line num="5" count="2" type="stmt"/>
        <line num="6" count="13" type="stmt"/>
        <line num="13" count="2" type="stmt"/>
      </file>
    </package>
    <package name="src.components.footer">
      <metrics statements="14" coveredstatements="13" conditionals="0" coveredconditionals="0" methods="4" coveredmethods="3"/>
      <file name="Footter.tsx" path="/home/acmarchiori/Desafios-Tecnicos/desafio-tecnico-uol/test-fullstack/frontend/src/components/footer/Footter.tsx">
        <metrics statements="14" coveredstatements="13" conditionals="0" coveredconditionals="0" methods="4" coveredmethods="3"/>
        <line num="1" count="2" type="stmt"/>
        <line num="2" count="2" type="stmt"/>
        <line num="3" count="2" type="stmt"/>
        <line num="9" count="2" type="stmt"/>
        <line num="11" count="42" type="stmt"/>
        <line num="14" count="42" type="stmt"/>
        <line num="15" count="21" type="stmt"/>
        <line num="16" count="21" type="stmt"/>
        <line num="18" count="21" type="stmt"/>
        <line num="20" count="21" type="stmt"/>
        <line num="22" count="0" type="stmt"/>
        <line num="26" count="21" type="stmt"/>
        <line num="30" count="42" type="stmt"/>
        <line num="37" count="2" type="stmt"/>
      </file>
    </package>
    <package name="src.components.header">
      <metrics statements="7" coveredstatements="7" conditionals="0" coveredconditionals="0" methods="2" coveredmethods="2"/>
      <file name="Header.tsx" path="/home/acmarchiori/Desafios-Tecnicos/desafio-tecnico-uol/test-fullstack/frontend/src/components/header/Header.tsx">
        <metrics statements="7" coveredstatements="7" conditionals="0" coveredconditionals="0" methods="2" coveredmethods="2"/>
        <line num="2" count="2" type="stmt"/>
        <line num="3" count="2" type="stmt"/>
        <line num="9" count="2" type="stmt"/>
        <line num="14" count="30" type="stmt"/>
        <line num="16" count="1" type="stmt"/>
        <line num="19" count="30" type="stmt"/>
        <line num="30" count="2" type="stmt"/>
      </file>
    </package>
    <package name="src.components.userEditForm">
      <metrics statements="45" coveredstatements="44" conditionals="56" coveredconditionals="47" methods="10" coveredmethods="9"/>
      <file name="UserEditForm.tsx" path="/home/acmarchiori/Desafios-Tecnicos/desafio-tecnico-uol/test-fullstack/frontend/src/components/userEditForm/UserEditForm.tsx">
        <metrics statements="45" coveredstatements="44" conditionals="56" coveredconditionals="47" methods="10" coveredmethods="9"/>
        <line num="1" count="2" type="stmt"/>
        <line num="2" count="2" type="stmt"/>
        <line num="3" count="2" type="stmt"/>
        <line num="4" count="2" type="stmt"/>
        <line num="5" count="2" type="stmt"/>
        <line num="6" count="2" type="stmt"/>
        <line num="8" count="2" type="stmt"/>
        <line num="9" count="2" type="stmt"/>
        <line num="10" count="2" type="stmt"/>
        <line num="15" count="2" type="stmt"/>
        <line num="16" count="71" type="stmt"/>
        <line num="17" count="71" type="stmt"/>
        <line num="19" count="71" type="stmt"/>
        <line num="20" count="71" type="stmt"/>
        <line num="28" count="71" type="stmt"/>
        <line num="32" count="9" type="stmt"/>
        <line num="33" count="9" type="stmt"/>
        <line num="34" count="9" type="cond" truecount="4" falsecount="0"/>
        <line num="35" count="3" type="stmt"/>
        <line num="36" count="3" type="stmt"/>
        <line num="39" count="0" type="stmt"/>
        <line num="41" count="9" type="stmt"/>
        <line num="44" count="9" type="stmt"/>
        <line num="50" count="71" type="stmt"/>
        <line num="54" count="3" type="stmt"/>
        <line num="55" count="3" type="cond" truecount="5" falsecount="0"/>
        <line num="56" count="1" type="stmt"/>
        <line num="57" count="1" type="stmt"/>
        <line num="78" count="2" type="stmt"/>
        <line num="79" count="1" type="stmt"/>
        <line num="101" count="1" type="cond" truecount="1" falsecount="1"/>
        <line num="102" count="1" type="stmt"/>
        <line num="131" count="71" type="stmt"/>
        <line num="133" count="12" type="stmt"/>
        <line num="135" count="12" type="cond" truecount="3" falsecount="0"/>
        <line num="137" count="12" type="stmt"/>
        <line num="142" count="12" type="stmt"/>
        <line num="143" count="12" type="stmt"/>
        <line num="148" count="71" type="cond" truecount="1" falsecount="0"/>
        <line num="149" count="12" type="stmt"/>
        <line num="153" count="59" type="stmt"/>
        <line num="224" count="3" type="stmt"/>
        <line num="225" count="3" type="stmt"/>
        <line num="253" count="8" type="stmt"/>
        <line num="260" count="2" type="stmt"/>
      </file>
    </package>
    <package name="src.components.userList">
      <metrics statements="23" coveredstatements="21" conditionals="5" coveredconditionals="4" methods="6" coveredmethods="5"/>
      <file name="UserList.tsx" path="/home/acmarchiori/Desafios-Tecnicos/desafio-tecnico-uol/test-fullstack/frontend/src/components/userList/UserList.tsx">
        <metrics statements="23" coveredstatements="21" conditionals="5" coveredconditionals="4" methods="6" coveredmethods="5"/>
        <line num="1" count="2" type="stmt"/>
        <line num="2" count="2" type="stmt"/>
        <line num="3" count="2" type="stmt"/>
        <line num="4" count="2" type="stmt"/>
        <line num="18" count="2" type="stmt"/>
        <line num="19" count="42" type="stmt"/>
        <line num="21" count="42" type="stmt"/>
        <line num="25" count="21" type="stmt"/>
        <line num="26" count="21" type="stmt"/>
        <line num="27" count="21" type="stmt"/>
        <line num="28" count="21" type="stmt"/>
        <line num="30" count="0" type="stmt"/>
        <line num="35" count="21" type="stmt"/>
        <line num="43" count="42" type="stmt"/>
        <line num="44" count="84" type="cond" truecount="4" falsecount="1"/>
        <line num="46" count="21" type="stmt"/>
        <line num="48" count="21" type="stmt"/>
        <line num="50" count="21" type="stmt"/>
        <line num="52" count="21" type="stmt"/>
        <line num="54" count="0" type="stmt"/>
        <line num="58" count="42" type="stmt"/>
        <line num="62" count="84" type="stmt"/>
        <line num="88" count="2" type="stmt"/>
      </file>
    </package>
    <package name="src.components.userListSection">
      <metrics statements="7" coveredstatements="7" conditionals="0" coveredconditionals="0" methods="2" coveredmethods="2"/>
      <file name="UserListSection.tsx" path="/home/acmarchiori/Desafios-Tecnicos/desafio-tecnico-uol/test-fullstack/frontend/src/components/userListSection/UserListSection.tsx">
        <metrics statements="7" coveredstatements="7" conditionals="0" coveredconditionals="0" methods="2" coveredmethods="2"/>
        <line num="2" count="2" type="stmt"/>
        <line num="3" count="2" type="stmt"/>
        <line num="11" count="2" type="stmt"/>
        <line num="12" count="21" type="stmt"/>
        <line num="14" count="21" type="stmt"/>
        <line num="21" count="6" type="stmt"/>
        <line num="27" count="2" type="stmt"/>
      </file>
    </package>
    <package name="src.components.userPanel">
      <metrics statements="5" coveredstatements="5" conditionals="0" coveredconditionals="0" methods="1" coveredmethods="1"/>
      <file name="UserPanel.tsx" path="/home/acmarchiori/Desafios-Tecnicos/desafio-tecnico-uol/test-fullstack/frontend/src/components/userPanel/UserPanel.tsx">
        <metrics statements="5" coveredstatements="5" conditionals="0" coveredconditionals="0" methods="1" coveredmethods="1"/>
        <line num="2" count="2" type="stmt"/>
        <line num="3" count="2" type="stmt"/>
        <line num="11" count="2" type="stmt"/>
        <line num="12" count="30" type="stmt"/>
        <line num="23" count="2" type="stmt"/>
      </file>
    </package>
    <package name="src.pages.editClient">
      <metrics statements="6" coveredstatements="6" conditionals="0" coveredconditionals="0" methods="1" coveredmethods="1"/>
      <file name="EditClient.tsx" path="/home/acmarchiori/Desafios-Tecnicos/desafio-tecnico-uol/test-fullstack/frontend/src/pages/editClient/EditClient.tsx">
        <metrics statements="6" coveredstatements="6" conditionals="0" coveredconditionals="0" methods="1" coveredmethods="1"/>
        <line num="2" count="2" type="stmt"/>
        <line num="3" count="2" type="stmt"/>
        <line num="4" count="2" type="stmt"/>
        <line num="12" count="2" type="stmt"/>
        <line num="13" count="9" type="stmt"/>
        <line num="27" count="2" type="stmt"/>
      </file>
    </package>
    <package name="src.pages.home">
      <metrics statements="8" coveredstatements="8" conditionals="0" coveredconditionals="0" methods="1" coveredmethods="1"/>
      <file name="Home.tsx" path="/home/acmarchiori/Desafios-Tecnicos/desafio-tecnico-uol/test-fullstack/frontend/src/pages/home/Home.tsx">
        <metrics statements="8" coveredstatements="8" conditionals="0" coveredconditionals="0" methods="1" coveredmethods="1"/>
        <line num="2" count="2" type="stmt"/>
        <line num="3" count="2" type="stmt"/>
        <line num="4" count="2" type="stmt"/>
        <line num="5" count="2" type="stmt"/>
        <line num="6" count="2" type="stmt"/>
        <line num="14" count="2" type="stmt"/>
        <line num="15" count="21" type="stmt"/>
        <line num="35" count="2" type="stmt"/>
      </file>
    </package>
    <package name="src.routes">
      <metrics statements="6" coveredstatements="6" conditionals="0" coveredconditionals="0" methods="1" coveredmethods="1"/>
      <file name="Routes.tsx" path="/home/acmarchiori/Desafios-Tecnicos/desafio-tecnico-uol/test-fullstack/frontend/src/routes/Routes.tsx">
        <metrics statements="6" coveredstatements="6" conditionals="0" coveredconditionals="0" methods="1" coveredmethods="1"/>
        <line num="2" count="2" type="stmt"/>
        <line num="3" count="2" type="stmt"/>
        <line num="4" count="2" type="stmt"/>
        <line num="10" count="2" type="stmt"/>
        <line num="11" count="13" type="stmt"/>
        <line num="27" count="2" type="stmt"/>
      </file>
    </package>
    <package name="src.services">
      <metrics statements="17" coveredstatements="17" conditionals="4" coveredconditionals="4" methods="2" coveredmethods="2"/>
      <file name="schema.ts" path="/home/acmarchiori/Desafios-Tecnicos/desafio-tecnico-uol/test-fullstack/frontend/src/services/schema.ts">
        <metrics statements="9" coveredstatements="9" conditionals="2" coveredconditionals="2" methods="1" coveredmethods="1"/>
        <line num="1" count="2" type="stmt"/>
        <line num="9" count="2" type="stmt"/>
        <line num="11" count="62" type="stmt"/>
        <line num="14" count="62" type="cond" truecount="1" falsecount="0"/>
        <line num="16" count="29" type="stmt"/>
        <line num="20" count="62" type="cond" truecount="1" falsecount="0"/>
        <line num="22" count="24" type="stmt"/>
        <line num="25" count="62" type="stmt"/>
        <line num="29" count="2" type="stmt"/>
      </file>
      <file name="types.ts" path="/home/acmarchiori/Desafios-Tecnicos/desafio-tecnico-uol/test-fullstack/frontend/src/services/types.ts">
        <metrics statements="8" coveredstatements="8" conditionals="2" coveredconditionals="2" methods="1" coveredmethods="1"/>
        <line num="10" count="2" type="cond" truecount="2" falsecount="0"/>
        <line num="11" count="2" type="stmt"/>
        <line num="12" count="2" type="stmt"/>
        <line num="13" count="2" type="stmt"/>
        <line num="14" count="2" type="stmt"/>
        <line num="15" count="2" type="stmt"/>
        <line num="20" count="2" type="stmt"/>
        <line num="21" count="2" type="stmt"/>
      </file>
    </package>
  </project>
</coverage>
