{"/home/acmarchiori/Desafios-Tecnicos/desafio-tecnico-uol/test-fullstack/frontend/src/App.tsx": {"path":"/home/acmarchiori/Desafios-Tecnicos/desafio-tecnico-uol/test-fullstack/frontend/src/App.tsx","statementMap":{"0":{"start":{"line":2,"column":0},"end":{"line":2,"column":54}},"1":{"start":{"line":3,"column":0},"end":{"line":3,"column":36}},"2":{"start":{"line":5,"column":22},"end":{"line":11,"column":1}},"3":{"start":{"line":6,"column":2},"end":{"line":10,"column":null}},"4":{"start":{"line":13,"column":0},"end":{"line":13,"column":null}}},"fnMap":{"0":{"name":"(anonymous_1)","decl":{"start":{"line":5,"column":22},"end":{"line":5,"column":25}},"loc":{"start":{"line":5,"column":27},"end":{"line":11,"column":1}}}},"branchMap":{},"s":{"0":2,"1":2,"2":2,"3":13,"4":2},"f":{"0":13},"b":{}}
,"/home/acmarchiori/Desafios-Tecnicos/desafio-tecnico-uol/test-fullstack/frontend/src/components/footer/Footter.tsx": {"path":"/home/acmarchiori/Desafios-Tecnicos/desafio-tecnico-uol/test-fullstack/frontend/src/components/footer/Footter.tsx","statementMap":{"0":{"start":{"line":1,"column":0},"end":{"line":1,"column":50}},"1":{"start":{"line":2,"column":0},"end":{"line":2,"column":50}},"2":{"start":{"line":3,"column":0},"end":{"line":3,"column":21}},"3":{"start":{"line":9,"column":25},"end":{"line":35,"column":1}},"4":{"start":{"line":11,"column":48},"end":{"line":11,"column":59}},"5":{"start":{"line":14,"column":2},"end":{"line":27,"column":null}},"6":{"start":{"line":15,"column":25},"end":{"line":24,"column":5}},"7":{"start":{"line":16,"column":6},"end":{"line":23,"column":null}},"8":{"start":{"line":18,"column":24},"end":{"line":18,"column":45}},"9":{"start":{"line":20,"column":8},"end":{"line":20,"column":null}},"10":{"start":{"line":22,"column":8},"end":{"line":22,"column":null}},"11":{"start":{"line":26,"column":4},"end":{"line":26,"column":null}},"12":{"start":{"line":30,"column":2},"end":{"line":34,"column":null}},"13":{"start":{"line":37,"column":0},"end":{"line":37,"column":null}}},"fnMap":{"0":{"name":"(anonymous_0)","decl":{"start":{"line":9,"column":25},"end":{"line":9,"column":28}},"loc":{"start":{"line":9,"column":30},"end":{"line":35,"column":1}}},"1":{"name":"(anonymous_1)","decl":{"start":{"line":14,"column":12},"end":{"line":14,"column":15}},"loc":{"start":{"line":14,"column":17},"end":{"line":27,"column":3}}},"2":{"name":"(anonymous_2)","decl":{"start":{"line":15,"column":25},"end":{"line":15,"column":30}},"loc":{"start":{"line":15,"column":51},"end":{"line":24,"column":5}}},"3":{"name":"(anonymous_3)","decl":{"start":{"line":26,"column":25},"end":{"line":26,"column":28}},"loc":{"start":{"line":26,"column":30},"end":{"line":26,"column":33}}}},"branchMap":{},"s":{"0":2,"1":2,"2":2,"3":2,"4":42,"5":42,"6":21,"7":21,"8":21,"9":21,"10":0,"11":21,"12":42,"13":2},"f":{"0":42,"1":21,"2":21,"3":0},"b":{}}
,"/home/acmarchiori/Desafios-Tecnicos/desafio-tecnico-uol/test-fullstack/frontend/src/components/header/Header.tsx": {"path":"/home/acmarchiori/Desafios-Tecnicos/desafio-tecnico-uol/test-fullstack/frontend/src/components/header/Header.tsx","statementMap":{"0":{"start":{"line":2,"column":0},"end":{"line":2,"column":47}},"1":{"start":{"line":3,"column":0},"end":{"line":3,"column":21}},"2":{"start":{"line":9,"column":25},"end":{"line":28,"column":1}},"3":{"start":{"line":14,"column":26},"end":{"line":17,"column":3}},"4":{"start":{"line":16,"column":4},"end":{"line":16,"column":null}},"5":{"start":{"line":19,"column":2},"end":{"line":27,"column":null}},"6":{"start":{"line":30,"column":0},"end":{"line":30,"column":null}}},"fnMap":{"0":{"name":"(anonymous_1)","decl":{"start":{"line":9,"column":25},"end":{"line":9,"column":41}},"loc":{"start":{"line":9,"column":43},"end":{"line":28,"column":1}}},"1":{"name":"(anonymous_2)","decl":{"start":{"line":14,"column":26},"end":{"line":14,"column":35}},"loc":{"start":{"line":14,"column":37},"end":{"line":17,"column":3}}}},"branchMap":{},"s":{"0":2,"1":2,"2":2,"3":30,"4":1,"5":30,"6":2},"f":{"0":30,"1":1},"b":{}}
,"/home/acmarchiori/Desafios-Tecnicos/desafio-tecnico-uol/test-fullstack/frontend/src/components/userEditForm/UserEditForm.tsx": {"path":"/home/acmarchiori/Desafios-Tecnicos/desafio-tecnico-uol/test-fullstack/frontend/src/components/userEditForm/UserEditForm.tsx","statementMap":{"0":{"start":{"line":1,"column":0},"end":{"line":1,"column":50}},"1":{"start":{"line":2,"column":0},"end":{"line":2,"column":56}},"2":{"start":{"line":3,"column":0},"end":{"line":3,"column":34}},"3":{"start":{"line":4,"column":0},"end":{"line":4,"column":40}},"4":{"start":{"line":5,"column":0},"end":{"line":5,"column":78}},"5":{"start":{"line":6,"column":0},"end":{"line":6,"column":64}},"6":{"start":{"line":8,"column":0},"end":{"line":8,"column":30}},"7":{"start":{"line":9,"column":0},"end":{"line":9,"column":27}},"8":{"start":{"line":10,"column":0},"end":{"line":10,"column":20}},"9":{"start":{"line":15,"column":31},"end":{"line":258,"column":1}},"10":{"start":{"line":16,"column":18},"end":{"line":16,"column":30}},"11":{"start":{"line":17,"column":17},"end":{"line":17,"column":44}},"12":{"start":{"line":19,"column":32},"end":{"line":19,"column":46}},"13":{"start":{"line":20,"column":38},"end":{"line":26,"column":4}},"14":{"start":{"line":28,"column":2},"end":{"line":45,"column":null}},"15":{"start":{"line":32,"column":22},"end":{"line":43,"column":5}},"16":{"start":{"line":33,"column":6},"end":{"line":42,"column":null}},"17":{"start":{"line":34,"column":8},"end":{"line":37,"column":null}},"18":{"start":{"line":35,"column":27},"end":{"line":35,"column":58}},"19":{"start":{"line":36,"column":10},"end":{"line":36,"column":null}},"20":{"start":{"line":39,"column":8},"end":{"line":39,"column":null}},"21":{"start":{"line":41,"column":8},"end":{"line":41,"column":null}},"22":{"start":{"line":44,"column":4},"end":{"line":44,"column":null}},"23":{"start":{"line":50,"column":17},"end":{"line":124,"column":4}},"24":{"start":{"line":54,"column":6},"end":{"line":122,"column":null}},"25":{"start":{"line":55,"column":8},"end":{"line":99,"column":null}},"26":{"start":{"line":56,"column":10},"end":{"line":56,"column":null}},"27":{"start":{"line":57,"column":10},"end":{"line":76,"column":null}},"28":{"start":{"line":78,"column":10},"end":{"line":78,"column":null}},"29":{"start":{"line":79,"column":10},"end":{"line":98,"column":null}},"30":{"start":{"line":101,"column":29},"end":{"line":101,"column":118}},"31":{"start":{"line":102,"column":8},"end":{"line":121,"column":null}},"32":{"start":{"line":131,"column":2},"end":{"line":145,"column":37}},"33":{"start":{"line":133,"column":26},"end":{"line":139,"column":5}},"34":{"start":{"line":135,"column":6},"end":{"line":138,"column":null}},"35":{"start":{"line":137,"column":8},"end":{"line":137,"column":null}},"36":{"start":{"line":142,"column":4},"end":{"line":144,"column":null}},"37":{"start":{"line":143,"column":6},"end":{"line":143,"column":null}},"38":{"start":{"line":148,"column":2},"end":{"line":150,"column":null}},"39":{"start":{"line":149,"column":4},"end":{"line":149,"column":null}},"40":{"start":{"line":153,"column":2},"end":{"line":257,"column":null}},"41":{"start":{"line":224,"column":38},"end":{"line":224,"column":74}},"42":{"start":{"line":225,"column":12},"end":{"line":225,"column":null}},"43":{"start":{"line":253,"column":71},"end":{"line":253,"column":89}},"44":{"start":{"line":260,"column":0},"end":{"line":260,"column":null}}},"fnMap":{"0":{"name":"(anonymous_1)","decl":{"start":{"line":15,"column":31},"end":{"line":15,"column":34}},"loc":{"start":{"line":15,"column":36},"end":{"line":258,"column":1}}},"1":{"name":"(anonymous_2)","decl":{"start":{"line":28,"column":12},"end":{"line":28,"column":15}},"loc":{"start":{"line":28,"column":17},"end":{"line":45,"column":3}}},"2":{"name":"(anonymous_3)","decl":{"start":{"line":32,"column":22},"end":{"line":32,"column":27}},"loc":{"start":{"line":32,"column":48},"end":{"line":43,"column":5}}},"3":{"name":"(anonymous_4)","decl":{"start":{"line":44,"column":22},"end":{"line":44,"column":25}},"loc":{"start":{"line":44,"column":27},"end":{"line":44,"column":30}}},"4":{"name":"(anonymous_5)","decl":{"start":{"line":53,"column":14},"end":{"line":53,"column":19}},"loc":{"start":{"line":53,"column":31},"end":{"line":123,"column":5}}},"5":{"name":"(anonymous_6)","decl":{"start":{"line":131,"column":12},"end":{"line":131,"column":15}},"loc":{"start":{"line":131,"column":17},"end":{"line":145,"column":3}}},"6":{"name":"(anonymous_7)","decl":{"start":{"line":133,"column":26},"end":{"line":133,"column":31}},"loc":{"start":{"line":133,"column":52},"end":{"line":139,"column":5}}},"7":{"name":"(anonymous_8)","decl":{"start":{"line":142,"column":10},"end":{"line":142,"column":15}},"loc":{"start":{"line":142,"column":21},"end":{"line":144,"column":5}}},"8":{"name":"(anonymous_9)","decl":{"start":{"line":223,"column":20},"end":{"line":223,"column":21}},"loc":{"start":{"line":223,"column":30},"end":{"line":226,"column":11}}},"9":{"name":"(anonymous_10)","decl":{"start":{"line":253,"column":63},"end":{"line":253,"column":66}},"loc":{"start":{"line":253,"column":68},"end":{"line":253,"column":90}}}},"branchMap":{"0":{"loc":{"start":{"line":34,"column":8},"end":{"line":37,"column":null}},"type":"if","locations":[{"start":{"line":34,"column":8},"end":{"line":37,"column":null}}]},"1":{"loc":{"start":{"line":34,"column":12},"end":{"line":34,"column":56}},"type":"binary-expr","locations":[{"start":{"line":34,"column":12},"end":{"line":34,"column":28}},{"start":{"line":34,"column":32},"end":{"line":34,"column":43}},{"start":{"line":34,"column":47},"end":{"line":34,"column":56}}]},"2":{"loc":{"start":{"line":55,"column":8},"end":{"line":99,"column":null}},"type":"if","locations":[{"start":{"line":55,"column":8},"end":{"line":99,"column":null}},{"start":{"line":77,"column":15},"end":{"line":99,"column":null}}]},"3":{"loc":{"start":{"line":55,"column":12},"end":{"line":55,"column":56}},"type":"binary-expr","locations":[{"start":{"line":55,"column":12},"end":{"line":55,"column":28}},{"start":{"line":55,"column":32},"end":{"line":55,"column":43}},{"start":{"line":55,"column":47},"end":{"line":55,"column":56}}]},"4":{"loc":{"start":{"line":101,"column":29},"end":{"line":101,"column":118}},"type":"cond-expr","locations":[{"start":{"line":101,"column":71},"end":{"line":101,"column":96}},{"start":{"line":101,"column":99},"end":{"line":101,"column":118}}]},"5":{"loc":{"start":{"line":135,"column":6},"end":{"line":138,"column":null}},"type":"if","locations":[{"start":{"line":135,"column":6},"end":{"line":138,"column":null}}]},"6":{"loc":{"start":{"line":135,"column":10},"end":{"line":135,"column":57}},"type":"binary-expr","locations":[{"start":{"line":135,"column":10},"end":{"line":135,"column":29}},{"start":{"line":135,"column":33},"end":{"line":135,"column":57}}]},"7":{"loc":{"start":{"line":148,"column":2},"end":{"line":150,"column":null}},"type":"if","locations":[{"start":{"line":148,"column":2},"end":{"line":150,"column":null}}]},"8":{"loc":{"start":{"line":156,"column":9},"end":{"line":156,"column":55}},"type":"cond-expr","locations":[{"start":{"line":156,"column":22},"end":{"line":156,"column":38}},{"start":{"line":156,"column":41},"end":{"line":156,"column":55}}]},"9":{"loc":{"start":{"line":158,"column":40},"end":{"line":158,"column":100}},"type":"cond-expr","locations":[{"start":{"line":158,"column":53},"end":{"line":158,"column":73}},{"start":{"line":158,"column":76},"end":{"line":158,"column":100}}]},"10":{"loc":{"start":{"line":164,"column":9},"end":{"line":164,"column":103}},"type":"binary-expr","locations":[{"start":{"line":164,"column":9},"end":{"line":164,"column":42}},{"start":{"line":164,"column":46},"end":{"line":164,"column":103}}]},"11":{"loc":{"start":{"line":164,"column":9},"end":{"line":164,"column":28}},"type":"cond-expr","locations":[{"start":{"line":164,"column":22},"end":{"line":164,"column":24}},{"start":{"line":164,"column":22},"end":{"line":164,"column":28}}]},"12":{"loc":{"start":{"line":164,"column":9},"end":{"line":164,"column":24}},"type":"binary-expr","locations":[{"start":{"line":164,"column":9},"end":{"line":164,"column":24}},{"start":{"line":164,"column":22},"end":{"line":164,"column":24}}]},"13":{"loc":{"start":{"line":180,"column":9},"end":{"line":180,"column":105}},"type":"binary-expr","locations":[{"start":{"line":180,"column":9},"end":{"line":180,"column":43}},{"start":{"line":180,"column":47},"end":{"line":180,"column":105}}]},"14":{"loc":{"start":{"line":180,"column":9},"end":{"line":180,"column":29}},"type":"cond-expr","locations":[{"start":{"line":180,"column":22},"end":{"line":180,"column":24}},{"start":{"line":180,"column":22},"end":{"line":180,"column":29}}]},"15":{"loc":{"start":{"line":180,"column":9},"end":{"line":180,"column":24}},"type":"binary-expr","locations":[{"start":{"line":180,"column":9},"end":{"line":180,"column":24}},{"start":{"line":180,"column":22},"end":{"line":180,"column":24}}]},"16":{"loc":{"start":{"line":195,"column":9},"end":{"line":195,"column":101}},"type":"binary-expr","locations":[{"start":{"line":195,"column":9},"end":{"line":195,"column":41}},{"start":{"line":195,"column":45},"end":{"line":195,"column":101}}]},"17":{"loc":{"start":{"line":195,"column":9},"end":{"line":195,"column":27}},"type":"cond-expr","locations":[{"start":{"line":195,"column":22},"end":{"line":195,"column":24}},{"start":{"line":195,"column":22},"end":{"line":195,"column":27}}]},"18":{"loc":{"start":{"line":195,"column":9},"end":{"line":195,"column":24}},"type":"binary-expr","locations":[{"start":{"line":195,"column":9},"end":{"line":195,"column":24}},{"start":{"line":195,"column":22},"end":{"line":195,"column":24}}]},"19":{"loc":{"start":{"line":213,"column":9},"end":{"line":213,"column":111}},"type":"binary-expr","locations":[{"start":{"line":213,"column":9},"end":{"line":213,"column":46}},{"start":{"line":213,"column":50},"end":{"line":213,"column":111}}]},"20":{"loc":{"start":{"line":213,"column":9},"end":{"line":213,"column":32}},"type":"cond-expr","locations":[{"start":{"line":213,"column":22},"end":{"line":213,"column":24}},{"start":{"line":213,"column":22},"end":{"line":213,"column":32}}]},"21":{"loc":{"start":{"line":213,"column":9},"end":{"line":213,"column":24}},"type":"binary-expr","locations":[{"start":{"line":213,"column":9},"end":{"line":213,"column":24}},{"start":{"line":213,"column":22},"end":{"line":213,"column":24}}]},"22":{"loc":{"start":{"line":232,"column":9},"end":{"line":232,"column":147}},"type":"binary-expr","locations":[{"start":{"line":232,"column":9},"end":{"line":232,"column":45}},{"start":{"line":232,"column":49},"end":{"line":232,"column":84}},{"start":{"line":232,"column":88},"end":{"line":232,"column":147}}]},"23":{"loc":{"start":{"line":232,"column":9},"end":{"line":232,"column":31}},"type":"cond-expr","locations":[{"start":{"line":232,"column":23},"end":{"line":232,"column":25}},{"start":{"line":232,"column":23},"end":{"line":232,"column":31}}]},"24":{"loc":{"start":{"line":232,"column":9},"end":{"line":232,"column":25}},"type":"binary-expr","locations":[{"start":{"line":232,"column":9},"end":{"line":232,"column":25}},{"start":{"line":232,"column":23},"end":{"line":232,"column":25}}]},"25":{"loc":{"start":{"line":232,"column":49},"end":{"line":232,"column":70}},"type":"cond-expr","locations":[{"start":{"line":232,"column":62},"end":{"line":232,"column":64}},{"start":{"line":232,"column":62},"end":{"line":232,"column":70}}]},"26":{"loc":{"start":{"line":232,"column":49},"end":{"line":232,"column":64}},"type":"binary-expr","locations":[{"start":{"line":232,"column":49},"end":{"line":232,"column":64}},{"start":{"line":232,"column":62},"end":{"line":232,"column":64}}]},"27":{"loc":{"start":{"line":251,"column":84},"end":{"line":251,"column":115}},"type":"cond-expr","locations":[{"start":{"line":251,"column":97},"end":{"line":251,"column":105}},{"start":{"line":251,"column":108},"end":{"line":251,"column":115}}]}},"s":{"0":2,"1":2,"2":2,"3":2,"4":2,"5":2,"6":2,"7":2,"8":2,"9":2,"10":71,"11":71,"12":71,"13":71,"14":71,"15":9,"16":9,"17":9,"18":3,"19":3,"20":0,"21":9,"22":9,"23":71,"24":3,"25":3,"26":1,"27":1,"28":2,"29":1,"30":1,"31":1,"32":71,"33":12,"34":12,"35":12,"36":12,"37":12,"38":71,"39":12,"40":59,"41":3,"42":3,"43":8,"44":2},"f":{"0":71,"1":9,"2":9,"3":0,"4":3,"5":12,"6":12,"7":12,"8":3,"9":8},"b":{"0":[3],"1":[9,3,3],"2":[1,2],"3":[3,1,1],"4":[1,0],"5":[12],"6":[12,12],"7":[12],"8":[13,46],"9":[13,46],"10":[59,9],"11":[0,59],"12":[59,59],"13":[59,0],"14":[0,59],"15":[59,59],"16":[59,5],"17":[0,59],"18":[59,59],"19":[59,3],"20":[0,59],"21":[59,59],"22":[59,6,0],"23":[0,59],"24":[59,59],"25":[0,6],"26":[6,6],"27":[13,46]}}
,"/home/acmarchiori/Desafios-Tecnicos/desafio-tecnico-uol/test-fullstack/frontend/src/components/userList/UserList.tsx": {"path":"/home/acmarchiori/Desafios-Tecnicos/desafio-tecnico-uol/test-fullstack/frontend/src/components/userList/UserList.tsx","statementMap":{"0":{"start":{"line":1,"column":0},"end":{"line":1,"column":50}},"1":{"start":{"line":2,"column":0},"end":{"line":2,"column":39}},"2":{"start":{"line":3,"column":0},"end":{"line":3,"column":50}},"3":{"start":{"line":4,"column":0},"end":{"line":4,"column":23}},"4":{"start":{"line":18,"column":27},"end":{"line":86,"column":1}},"5":{"start":{"line":19,"column":32},"end":{"line":19,"column":54}},"6":{"start":{"line":21,"column":2},"end":{"line":36,"column":null}},"7":{"start":{"line":25,"column":25},"end":{"line":32,"column":5}},"8":{"start":{"line":26,"column":6},"end":{"line":31,"column":null}},"9":{"start":{"line":27,"column":25},"end":{"line":27,"column":46}},"10":{"start":{"line":28,"column":8},"end":{"line":28,"column":null}},"11":{"start":{"line":30,"column":8},"end":{"line":30,"column":null}},"12":{"start":{"line":35,"column":4},"end":{"line":35,"column":null}},"13":{"start":{"line":43,"column":25},"end":{"line":56,"column":3}},"14":{"start":{"line":44,"column":4},"end":{"line":55,"column":null}},"15":{"start":{"line":46,"column":8},"end":{"line":46,"column":null}},"16":{"start":{"line":48,"column":8},"end":{"line":48,"column":null}},"17":{"start":{"line":50,"column":8},"end":{"line":50,"column":null}},"18":{"start":{"line":52,"column":8},"end":{"line":52,"column":null}},"19":{"start":{"line":54,"column":8},"end":{"line":54,"column":null}},"20":{"start":{"line":58,"column":2},"end":{"line":85,"column":null}},"21":{"start":{"line":62,"column":8},"end":{"line":62,"column":29}},"22":{"start":{"line":88,"column":0},"end":{"line":88,"column":null}}},"fnMap":{"0":{"name":"(anonymous_0)","decl":{"start":{"line":18,"column":27},"end":{"line":18,"column":30}},"loc":{"start":{"line":18,"column":32},"end":{"line":86,"column":1}}},"1":{"name":"(anonymous_1)","decl":{"start":{"line":21,"column":12},"end":{"line":21,"column":15}},"loc":{"start":{"line":21,"column":17},"end":{"line":36,"column":3}}},"2":{"name":"(anonymous_2)","decl":{"start":{"line":25,"column":25},"end":{"line":25,"column":30}},"loc":{"start":{"line":25,"column":51},"end":{"line":32,"column":5}}},"3":{"name":"(anonymous_3)","decl":{"start":{"line":35,"column":25},"end":{"line":35,"column":28}},"loc":{"start":{"line":35,"column":30},"end":{"line":35,"column":33}}},"4":{"name":"(anonymous_4)","decl":{"start":{"line":43,"column":25},"end":{"line":43,"column":26}},"loc":{"start":{"line":43,"column":52},"end":{"line":56,"column":3}}},"5":{"name":"(anonymous_5)","decl":{"start":{"line":61,"column":19},"end":{"line":61,"column":25}},"loc":{"start":{"line":62,"column":8},"end":{"line":62,"column":29}}}},"branchMap":{"0":{"loc":{"start":{"line":44,"column":4},"end":{"line":55,"column":null}},"type":"switch","locations":[{"start":{"line":45,"column":6},"end":{"line":46,"column":null}},{"start":{"line":47,"column":6},"end":{"line":48,"column":null}},{"start":{"line":49,"column":6},"end":{"line":50,"column":null}},{"start":{"line":51,"column":6},"end":{"line":52,"column":null}},{"start":{"line":53,"column":6},"end":{"line":54,"column":null}}]}},"s":{"0":2,"1":2,"2":2,"3":2,"4":2,"5":42,"6":42,"7":21,"8":21,"9":21,"10":21,"11":0,"12":21,"13":42,"14":84,"15":21,"16":21,"17":21,"18":21,"19":0,"20":42,"21":84,"22":2},"f":{"0":42,"1":21,"2":21,"3":0,"4":84,"5":84},"b":{"0":[21,21,21,21,0]}}
,"/home/acmarchiori/Desafios-Tecnicos/desafio-tecnico-uol/test-fullstack/frontend/src/components/userListSection/UserListSection.tsx": {"path":"/home/acmarchiori/Desafios-Tecnicos/desafio-tecnico-uol/test-fullstack/frontend/src/components/userListSection/UserListSection.tsx","statementMap":{"0":{"start":{"line":2,"column":0},"end":{"line":2,"column":45}},"1":{"start":{"line":3,"column":0},"end":{"line":3,"column":30}},"2":{"start":{"line":11,"column":34},"end":{"line":25,"column":1}},"3":{"start":{"line":12,"column":18},"end":{"line":12,"column":30}},"4":{"start":{"line":14,"column":2},"end":{"line":24,"column":null}},"5":{"start":{"line":21,"column":66},"end":{"line":21,"column":92}},"6":{"start":{"line":27,"column":0},"end":{"line":27,"column":null}}},"fnMap":{"0":{"name":"(anonymous_0)","decl":{"start":{"line":11,"column":34},"end":{"line":11,"column":37}},"loc":{"start":{"line":11,"column":39},"end":{"line":25,"column":1}}},"1":{"name":"(anonymous_1)","decl":{"start":{"line":21,"column":58},"end":{"line":21,"column":61}},"loc":{"start":{"line":21,"column":63},"end":{"line":21,"column":93}}}},"branchMap":{},"s":{"0":2,"1":2,"2":2,"3":21,"4":21,"5":6,"6":2},"f":{"0":21,"1":6},"b":{}}
,"/home/acmarchiori/Desafios-Tecnicos/desafio-tecnico-uol/test-fullstack/frontend/src/components/userPanel/UserPanel.tsx": {"path":"/home/acmarchiori/Desafios-Tecnicos/desafio-tecnico-uol/test-fullstack/frontend/src/components/userPanel/UserPanel.tsx","statementMap":{"0":{"start":{"line":2,"column":0},"end":{"line":2,"column":44}},"1":{"start":{"line":3,"column":0},"end":{"line":3,"column":24}},"2":{"start":{"line":11,"column":28},"end":{"line":21,"column":1}},"3":{"start":{"line":12,"column":2},"end":{"line":20,"column":null}},"4":{"start":{"line":23,"column":0},"end":{"line":23,"column":null}}},"fnMap":{"0":{"name":"(anonymous_1)","decl":{"start":{"line":11,"column":28},"end":{"line":11,"column":31}},"loc":{"start":{"line":11,"column":33},"end":{"line":21,"column":1}}}},"branchMap":{},"s":{"0":2,"1":2,"2":2,"3":30,"4":2},"f":{"0":30},"b":{}}
,"/home/acmarchiori/Desafios-Tecnicos/desafio-tecnico-uol/test-fullstack/frontend/src/pages/editClient/EditClient.tsx": {"path":"/home/acmarchiori/Desafios-Tecnicos/desafio-tecnico-uol/test-fullstack/frontend/src/pages/editClient/EditClient.tsx","statementMap":{"0":{"start":{"line":2,"column":0},"end":{"line":2,"column":51}},"1":{"start":{"line":3,"column":0},"end":{"line":3,"column":60}},"2":{"start":{"line":4,"column":0},"end":{"line":4,"column":69}},"3":{"start":{"line":12,"column":29},"end":{"line":25,"column":1}},"4":{"start":{"line":13,"column":2},"end":{"line":24,"column":null}},"5":{"start":{"line":27,"column":0},"end":{"line":27,"column":null}}},"fnMap":{"0":{"name":"(anonymous_1)","decl":{"start":{"line":12,"column":29},"end":{"line":12,"column":32}},"loc":{"start":{"line":12,"column":34},"end":{"line":25,"column":1}}}},"branchMap":{},"s":{"0":2,"1":2,"2":2,"3":2,"4":9,"5":2},"f":{"0":9},"b":{}}
,"/home/acmarchiori/Desafios-Tecnicos/desafio-tecnico-uol/test-fullstack/frontend/src/pages/home/Home.tsx": {"path":"/home/acmarchiori/Desafios-Tecnicos/desafio-tecnico-uol/test-fullstack/frontend/src/pages/home/Home.tsx","statementMap":{"0":{"start":{"line":2,"column":0},"end":{"line":2,"column":51}},"1":{"start":{"line":3,"column":0},"end":{"line":3,"column":60}},"2":{"start":{"line":4,"column":0},"end":{"line":4,"column":78}},"3":{"start":{"line":5,"column":0},"end":{"line":5,"column":57}},"4":{"start":{"line":6,"column":0},"end":{"line":6,"column":52}},"5":{"start":{"line":14,"column":23},"end":{"line":33,"column":1}},"6":{"start":{"line":15,"column":2},"end":{"line":32,"column":null}},"7":{"start":{"line":35,"column":0},"end":{"line":35,"column":null}}},"fnMap":{"0":{"name":"(anonymous_1)","decl":{"start":{"line":14,"column":23},"end":{"line":14,"column":26}},"loc":{"start":{"line":14,"column":28},"end":{"line":33,"column":1}}}},"branchMap":{},"s":{"0":2,"1":2,"2":2,"3":2,"4":2,"5":2,"6":21,"7":2},"f":{"0":21},"b":{}}
,"/home/acmarchiori/Desafios-Tecnicos/desafio-tecnico-uol/test-fullstack/frontend/src/routes/Routes.tsx": {"path":"/home/acmarchiori/Desafios-Tecnicos/desafio-tecnico-uol/test-fullstack/frontend/src/routes/Routes.tsx","statementMap":{"0":{"start":{"line":2,"column":0},"end":{"line":2,"column":73}},"1":{"start":{"line":3,"column":0},"end":{"line":3,"column":37}},"2":{"start":{"line":4,"column":0},"end":{"line":4,"column":55}},"3":{"start":{"line":10,"column":25},"end":{"line":25,"column":1}},"4":{"start":{"line":11,"column":2},"end":{"line":24,"column":null}},"5":{"start":{"line":27,"column":0},"end":{"line":27,"column":null}}},"fnMap":{"0":{"name":"(anonymous_1)","decl":{"start":{"line":10,"column":25},"end":{"line":10,"column":28}},"loc":{"start":{"line":10,"column":30},"end":{"line":25,"column":1}}}},"branchMap":{},"s":{"0":2,"1":2,"2":2,"3":2,"4":13,"5":2},"f":{"0":13},"b":{}}
,"/home/acmarchiori/Desafios-Tecnicos/desafio-tecnico-uol/test-fullstack/frontend/src/services/schema.ts": {"path":"/home/acmarchiori/Desafios-Tecnicos/desafio-tecnico-uol/test-fullstack/frontend/src/services/schema.ts","statementMap":{"0":{"start":{"line":1,"column":0},"end":{"line":1,"column":26}},"1":{"start":{"line":11,"column":24},"end":{"line":11,"column":51}},"2":{"start":{"line":14,"column":2},"end":{"line":17,"column":null}},"3":{"start":{"line":16,"column":4},"end":{"line":16,"column":null}},"4":{"start":{"line":20,"column":2},"end":{"line":23,"column":null}},"5":{"start":{"line":22,"column":4},"end":{"line":22,"column":null}},"6":{"start":{"line":25,"column":2},"end":{"line":25,"column":null}},"7":{"start":{"line":9,"column":0},"end":{"line":9,"column":16}},"8":{"start":{"line":29,"column":13},"end":{"line":35,"column":null}}},"fnMap":{"0":{"name":"formatarTelefone","decl":{"start":{"line":9,"column":16},"end":{"line":9,"column":32}},"loc":{"start":{"line":9,"column":50},"end":{"line":26,"column":1}}}},"branchMap":{"0":{"loc":{"start":{"line":14,"column":2},"end":{"line":17,"column":null}},"type":"if","locations":[{"start":{"line":14,"column":2},"end":{"line":17,"column":null}}]},"1":{"loc":{"start":{"line":20,"column":2},"end":{"line":23,"column":null}},"type":"if","locations":[{"start":{"line":20,"column":2},"end":{"line":23,"column":null}}]}},"s":{"0":2,"1":62,"2":62,"3":29,"4":62,"5":24,"6":62,"7":2,"8":2},"f":{"0":62},"b":{"0":[29],"1":[24]}}
,"/home/acmarchiori/Desafios-Tecnicos/desafio-tecnico-uol/test-fullstack/frontend/src/services/types.ts": {"path":"/home/acmarchiori/Desafios-Tecnicos/desafio-tecnico-uol/test-fullstack/frontend/src/services/types.ts","statementMap":{"0":{"start":{"line":10,"column":0},"end":{"line":10,"column":null}},"1":{"start":{"line":11,"column":2},"end":{"line":11,"column":null}},"2":{"start":{"line":12,"column":2},"end":{"line":12,"column":null}},"3":{"start":{"line":13,"column":2},"end":{"line":13,"column":null}},"4":{"start":{"line":14,"column":2},"end":{"line":14,"column":null}},"5":{"start":{"line":15,"column":2},"end":{"line":15,"column":null}},"6":{"start":{"line":20,"column":13},"end":{"line":20,"column":null}},"7":{"start":{"line":21,"column":13},"end":{"line":21,"column":null}}},"fnMap":{"0":{"name":"(anonymous_0)","decl":{"start":{"line":10,"column":0},"end":{"line":10,"column":12}},"loc":{"start":{"line":10,"column":24},"end":{"line":16,"column":1}}}},"branchMap":{"0":{"loc":{"start":{"line":10,"column":12},"end":{"line":10,"column":null}},"type":"binary-expr","locations":[{"start":{"line":10,"column":12},"end":{"line":10,"column":24}},{"start":{"line":10,"column":12},"end":{"line":10,"column":null}}]}},"s":{"0":2,"1":2,"2":2,"3":2,"4":2,"5":2,"6":2,"7":2},"f":{"0":2},"b":{"0":[2,2]}}
}
