TN:
SF:src/App.tsx
FN:5,(anonymous_1)
FNF:1
FNH:1
FNDA:13,(anonymous_1)
DA:2,2
DA:3,2
DA:5,2
DA:6,13
DA:13,2
LF:5
LH:5
BRF:0
BRH:0
end_of_record
TN:
SF:src/components/footer/Footter.tsx
FN:9,(anonymous_0)
FN:14,(anonymous_1)
FN:15,(anonymous_2)
FN:26,(anonymous_3)
FNF:4
FNH:3
FNDA:42,(anonymous_0)
FNDA:21,(anonymous_1)
FNDA:21,(anonymous_2)
FNDA:0,(anonymous_3)
DA:1,2
DA:2,2
DA:3,2
DA:9,2
DA:11,42
DA:14,42
DA:15,21
DA:16,21
DA:18,21
DA:20,21
DA:22,0
DA:26,21
DA:30,42
DA:37,2
LF:14
LH:13
BRF:0
BRH:0
end_of_record
TN:
SF:src/components/header/Header.tsx
FN:9,(anonymous_1)
FN:14,(anonymous_2)
FNF:2
FNH:2
FNDA:30,(anonymous_1)
FNDA:1,(anonymous_2)
DA:2,2
DA:3,2
DA:9,2
DA:14,30
DA:16,1
DA:19,30
DA:30,2
LF:7
LH:7
BRF:0
BRH:0
end_of_record
TN:
SF:src/components/userEditForm/UserEditForm.tsx
FN:15,(anonymous_1)
FN:28,(anonymous_2)
FN:32,(anonymous_3)
FN:44,(anonymous_4)
FN:53,(anonymous_5)
FN:131,(anonymous_6)
FN:133,(anonymous_7)
FN:142,(anonymous_8)
FN:223,(anonymous_9)
FN:253,(anonymous_10)
FNF:10
FNH:9
FNDA:71,(anonymous_1)
FNDA:9,(anonymous_2)
FNDA:9,(anonymous_3)
FNDA:0,(anonymous_4)
FNDA:3,(anonymous_5)
FNDA:12,(anonymous_6)
FNDA:12,(anonymous_7)
FNDA:12,(anonymous_8)
FNDA:3,(anonymous_9)
FNDA:8,(anonymous_10)
DA:1,2
DA:2,2
DA:3,2
DA:4,2
DA:5,2
DA:6,2
DA:8,2
DA:9,2
DA:10,2
DA:15,2
DA:16,71
DA:17,71
DA:19,71
DA:20,71
DA:28,71
DA:32,9
DA:33,9
DA:34,9
DA:35,3
DA:36,3
DA:39,0
DA:41,9
DA:44,9
DA:50,71
DA:54,3
DA:55,3
DA:56,1
DA:57,1
DA:78,2
DA:79,1
DA:101,1
DA:102,1
DA:131,71
DA:133,12
DA:135,12
DA:137,12
DA:142,12
DA:143,12
DA:148,71
DA:149,12
DA:153,59
DA:224,3
DA:225,3
DA:253,8
DA:260,2
LF:45
LH:44
BRDA:34,0,0,3
BRDA:34,1,0,9
BRDA:34,1,1,3
BRDA:34,1,2,3
BRDA:55,2,0,1
BRDA:55,2,1,2
BRDA:55,3,0,3
BRDA:55,3,1,1
BRDA:55,3,2,1
BRDA:101,4,0,1
BRDA:101,4,1,0
BRDA:135,5,0,12
BRDA:135,6,0,12
BRDA:135,6,1,12
BRDA:148,7,0,12
BRDA:156,8,0,13
BRDA:156,8,1,46
BRDA:158,9,0,13
BRDA:158,9,1,46
BRDA:164,10,0,59
BRDA:164,10,1,9
BRDA:164,11,0,0
BRDA:164,11,1,59
BRDA:164,12,0,59
BRDA:164,12,1,59
BRDA:180,13,0,59
BRDA:180,13,1,0
BRDA:180,14,0,0
BRDA:180,14,1,59
BRDA:180,15,0,59
BRDA:180,15,1,59
BRDA:195,16,0,59
BRDA:195,16,1,5
BRDA:195,17,0,0
BRDA:195,17,1,59
BRDA:195,18,0,59
BRDA:195,18,1,59
BRDA:213,19,0,59
BRDA:213,19,1,3
BRDA:213,20,0,0
BRDA:213,20,1,59
BRDA:213,21,0,59
BRDA:213,21,1,59
BRDA:232,22,0,59
BRDA:232,22,1,6
BRDA:232,22,2,0
BRDA:232,23,0,0
BRDA:232,23,1,59
BRDA:232,24,0,59
BRDA:232,24,1,59
BRDA:232,25,0,0
BRDA:232,25,1,6
BRDA:232,26,0,6
BRDA:232,26,1,6
BRDA:251,27,0,13
BRDA:251,27,1,46
BRF:56
BRH:47
end_of_record
TN:
SF:src/components/userList/UserList.tsx
FN:18,(anonymous_0)
FN:21,(anonymous_1)
FN:25,(anonymous_2)
FN:35,(anonymous_3)
FN:43,(anonymous_4)
FN:61,(anonymous_5)
FNF:6
FNH:5
FNDA:42,(anonymous_0)
FNDA:21,(anonymous_1)
FNDA:21,(anonymous_2)
FNDA:0,(anonymous_3)
FNDA:84,(anonymous_4)
FNDA:84,(anonymous_5)
DA:1,2
DA:2,2
DA:3,2
DA:4,2
DA:18,2
DA:19,42
DA:21,42
DA:25,21
DA:26,21
DA:27,21
DA:28,21
DA:30,0
DA:35,21
DA:43,42
DA:44,84
DA:46,21
DA:48,21
DA:50,21
DA:52,21
DA:54,0
DA:58,42
DA:62,84
DA:88,2
LF:23
LH:21
BRDA:44,0,0,21
BRDA:44,0,1,21
BRDA:44,0,2,21
BRDA:44,0,3,21
BRDA:44,0,4,0
BRF:5
BRH:4
end_of_record
TN:
SF:src/components/userListSection/UserListSection.tsx
FN:11,(anonymous_0)
FN:21,(anonymous_1)
FNF:2
FNH:2
FNDA:21,(anonymous_0)
FNDA:6,(anonymous_1)
DA:2,2
DA:3,2
DA:11,2
DA:12,21
DA:14,21
DA:21,6
DA:27,2
LF:7
LH:7
BRF:0
BRH:0
end_of_record
TN:
SF:src/components/userPanel/UserPanel.tsx
FN:11,(anonymous_1)
FNF:1
FNH:1
FNDA:30,(anonymous_1)
DA:2,2
DA:3,2
DA:11,2
DA:12,30
DA:23,2
LF:5
LH:5
BRF:0
BRH:0
end_of_record
TN:
SF:src/pages/editClient/EditClient.tsx
FN:12,(anonymous_1)
FNF:1
FNH:1
FNDA:9,(anonymous_1)
DA:2,2
DA:3,2
DA:4,2
DA:12,2
DA:13,9
DA:27,2
LF:6
LH:6
BRF:0
BRH:0
end_of_record
TN:
SF:src/pages/home/Home.tsx
FN:14,(anonymous_1)
FNF:1
FNH:1
FNDA:21,(anonymous_1)
DA:2,2
DA:3,2
DA:4,2
DA:5,2
DA:6,2
DA:14,2
DA:15,21
DA:35,2
LF:8
LH:8
BRF:0
BRH:0
end_of_record
TN:
SF:src/routes/Routes.tsx
FN:10,(anonymous_1)
FNF:1
FNH:1
FNDA:13,(anonymous_1)
DA:2,2
DA:3,2
DA:4,2
DA:10,2
DA:11,13
DA:27,2
LF:6
LH:6
BRF:0
BRH:0
end_of_record
TN:
SF:src/services/schema.ts
FN:9,formatarTelefone
FNF:1
FNH:1
FNDA:62,formatarTelefone
DA:1,2
DA:9,2
DA:11,62
DA:14,62
DA:16,29
DA:20,62
DA:22,24
DA:25,62
DA:29,2
LF:9
LH:9
BRDA:14,0,0,29
BRDA:20,1,0,24
BRF:2
BRH:2
end_of_record
TN:
SF:src/services/types.ts
FN:10,(anonymous_0)
FNF:1
FNH:1
FNDA:2,(anonymous_0)
DA:10,2
DA:11,2
DA:12,2
DA:13,2
DA:14,2
DA:15,2
DA:20,2
DA:21,2
LF:8
LH:8
BRDA:10,0,0,2
BRDA:10,0,1,2
BRF:2
BRH:2
end_of_record
